# JRE version: Java(TM) SE Runtime Environment (7.0_80-b15) (build 1.7.0_80-b15)
# Java VM: Java HotSpot(TM) 64-Bit Server VM (24.80-b11 mixed mode windows-amd64 compressed oops)
Heap
 PSYoungGen      total 138240K, used 18406K [0x00000007d5e00000, 0x00000007dea00000, 0x0000000800000000)
  eden space 133120K, 9% used [0x00000007d5e00000,0x00000007d6afba30,0x00000007de000000)
  from space 5120K, 99% used [0x00000007de500000,0x00000007de9fe010,0x00000007dea00000)
  to   space 5120K, 0% used [0x00000007de000000,0x00000007de000000,0x00000007de500000)
 ParOldGen       total 86016K, used 10001K [0x0000000781a00000, 0x0000000786e00000, 0x00000007d5e00000)
  object space 86016K, 11% used [0x0000000781a00000,0x00000007823c4400,0x0000000786e00000)
 PSPermGen       total 21504K, used 15470K [0x000000077c800000, 0x000000077dd00000, 0x0000000781a00000)
  object space 21504K, 71% used [0x000000077c800000,0x000000077d71b878,0x000000077dd00000)
GC Heap History (8 events):
Event: 0.484 GC heap before
{Heap before GC invocations=1 (full 0):
 PSYoungGen      total 38400K, used 33280K [0x00000007d5e00000, 0x00000007d8880000, 0x0000000800000000)
  eden space 33280K, 100% used [0x00000007d5e00000,0x00000007d7e80000,0x00000007d7e80000)
  from space 5120K, 0% used [0x00000007d8380000,0x00000007d8380000,0x00000007d8880000)
  to   space 5120K, 0% used [0x00000007d7e80000,0x00000007d7e80000,0x00000007d8380000)
 ParOldGen       total 86016K, used 0K [0x0000000781a00000, 0x0000000786e00000, 0x00000007d5e00000)
  object space 86016K, 0% used [0x0000000781a00000,0x0000000781a00000,0x0000000786e00000)
 PSPermGen       total 21504K, used 8144K [0x000000077c800000, 0x000000077dd00000, 0x0000000781a00000)
  object space 21504K, 37% used [0x000000077c800000,0x000000077cff4188,0x000000077dd00000)
Event: 0.491 GC heap after
Heap after GC invocations=1 (full 0):
 PSYoungGen      total 38400K, used 5111K [0x00000007d5e00000, 0x00000007da900000, 0x0000000800000000)
  eden space 33280K, 0% used [0x00000007d5e00000,0x00000007d5e00000,0x00000007d7e80000)
  from space 5120K, 99% used [0x00000007d7e80000,0x00000007d837dd68,0x00000007d8380000)
  to   space 5120K, 0% used [0x00000007da400000,0x00000007da400000,0x00000007da900000)
 ParOldGen       total 86016K, used 192K [0x0000000781a00000, 0x0000000786e00000, 0x00000007d5e00000)
  object space 86016K, 0% used [0x0000000781a00000,0x0000000781a30348,0x0000000786e00000)
 PSPermGen       total 21504K, used 8144K [0x000000077c800000, 0x000000077dd00000, 0x0000000781a00000)
  object space 21504K, 37% used [0x000000077c800000,0x000000077cff4188,0x000000077dd00000)
}
Event: 0.980 GC heap before
{Heap before GC invocations=2 (full 0):
 PSYoungGen      total 38400K, used 38391K [0x00000007d5e00000, 0x00000007da900000, 0x0000000800000000)
  eden space 33280K, 100% used [0x00000007d5e00000,0x00000007d7e80000,0x00000007d7e80000)
  from space 5120K, 99% used [0x00000007d7e80000,0x00000007d837dd68,0x00000007d8380000)
  to   space 5120K, 0% used [0x00000007da400000,0x00000007da400000,0x00000007da900000)
 ParOldGen       total 86016K, used 192K [0x0000000781a00000, 0x0000000786e00000, 0x00000007d5e00000)
  object space 86016K, 0% used [0x0000000781a00000,0x0000000781a30348,0x0000000786e00000)
 PSPermGen       total 21504K, used 12592K [0x000000077c800000, 0x000000077dd00000, 0x0000000781a00000)
  object space 21504K, 58% used [0x000000077c800000,0x000000077d44c2f8,0x000000077dd00000)
Event: 0.986 GC heap after
Heap after GC invocations=2 (full 0):
 PSYoungGen      total 71680K, used 5116K [0x00000007d5e00000, 0x00000007da900000, 0x0000000800000000)
  eden space 66560K, 0% used [0x00000007d5e00000,0x00000007d5e00000,0x00000007d9f00000)
  from space 5120K, 99% used [0x00000007da400000,0x00000007da8ff110,0x00000007da900000)
  to   space 5120K, 0% used [0x00000007d9f00000,0x00000007d9f00000,0x00000007da400000)
 ParOldGen       total 86016K, used 2316K [0x0000000781a00000, 0x0000000786e00000, 0x00000007d5e00000)
  object space 86016K, 2% used [0x0000000781a00000,0x0000000781c43360,0x0000000786e00000)
 PSPermGen       total 21504K, used 12592K [0x000000077c800000, 0x000000077dd00000, 0x0000000781a00000)
  object space 21504K, 58% used [0x000000077c800000,0x000000077d44c2f8,0x000000077dd00000)
}
Event: 1.690 GC heap before
{Heap before GC invocations=3 (full 0):
 PSYoungGen      total 71680K, used 71676K [0x00000007d5e00000, 0x00000007da900000, 0x0000000800000000)
  eden space 66560K, 100% used [0x00000007d5e00000,0x00000007d9f00000,0x00000007d9f00000)
  from space 5120K, 99% used [0x00000007da400000,0x00000007da8ff110,0x00000007da900000)
  to   space 5120K, 0% used [0x00000007d9f00000,0x00000007d9f00000,0x00000007da400000)
 ParOldGen       total 86016K, used 2316K [0x0000000781a00000, 0x0000000786e00000, 0x00000007d5e00000)
  object space 86016K, 2% used [0x0000000781a00000,0x0000000781c43360,0x0000000786e00000)
 PSPermGen       total 21504K, used 14411K [0x000000077c800000, 0x000000077dd00000, 0x0000000781a00000)
  object space 21504K, 67% used [0x000000077c800000,0x000000077d612f18,0x000000077dd00000)
Event: 1.704 GC heap after
Heap after GC invocations=3 (full 0):
 PSYoungGen      total 71680K, used 5096K [0x00000007d5e00000, 0x00000007dea00000, 0x0000000800000000)
  eden space 66560K, 0% used [0x00000007d5e00000,0x00000007d5e00000,0x00000007d9f00000)
  from space 5120K, 99% used [0x00000007d9f00000,0x00000007da3fa170,0x00000007da400000)
  to   space 5120K, 0% used [0x00000007de500000,0x00000007de500000,0x00000007dea00000)
 ParOldGen       total 86016K, used 6161K [0x0000000781a00000, 0x0000000786e00000, 0x00000007d5e00000)
  object space 86016K, 7% used [0x0000000781a00000,0x00000007820045e8,0x0000000786e00000)
 PSPermGen       total 21504K, used 14411K [0x000000077c800000, 0x000000077dd00000, 0x0000000781a00000)
  object space 21504K, 67% used [0x000000077c800000,0x000000077d612f18,0x000000077dd00000)
}
Event: 2.260 GC heap before
{Heap before GC invocations=4 (full 0):
 PSYoungGen      total 71680K, used 71656K [0x00000007d5e00000, 0x00000007dea00000, 0x0000000800000000)
  eden space 66560K, 100% used [0x00000007d5e00000,0x00000007d9f00000,0x00000007d9f00000)
  from space 5120K, 99% used [0x00000007d9f00000,0x00000007da3fa170,0x00000007da400000)
  to   space 5120K, 0% used [0x00000007de500000,0x00000007de500000,0x00000007dea00000)
 ParOldGen       total 86016K, used 6161K [0x0000000781a00000, 0x0000000786e00000, 0x00000007d5e00000)
  object space 86016K, 7% used [0x0000000781a00000,0x00000007820045e8,0x0000000786e00000)
 PSPermGen       total 21504K, used 15406K [0x000000077c800000, 0x000000077dd00000, 0x0000000781a00000)
  object space 21504K, 71% used [0x000000077c800000,0x000000077d70b8f0,0x000000077dd00000)
Event: 2.285 GC heap after
Heap after GC invocations=4 (full 0):
 PSYoungGen      total 138240K, used 5112K [0x00000007d5e00000, 0x00000007dea00000, 0x0000000800000000)
  eden space 133120K, 0% used [0x00000007d5e00000,0x00000007d5e00000,0x00000007de000000)
  from space 5120K, 99% used [0x00000007de500000,0x00000007de9fe010,0x00000007dea00000)
  to   space 5120K, 0% used [0x00000007de000000,0x00000007de000000,0x00000007de500000)
 ParOldGen       total 86016K, used 10001K [0x0000000781a00000, 0x0000000786e00000, 0x00000007d5e00000)
  object space 86016K, 11% used [0x0000000781a00000,0x00000007823c4400,0x0000000786e00000)
 PSPermGen       total 21504K, used 15406K [0x000000077c800000, 0x000000077dd00000, 0x0000000781a00000)
  object space 21504K, 71% used [0x000000077c800000,0x000000077d70b8f0,0x000000077dd00000)
}

